mode: set
learngowithtests/arrays_slices/sum.go:3.29,6.33 2 1
learngowithtests/arrays_slices/sum.go:6.33,8.3 1 1
learngowithtests/arrays_slices/sum.go:9.2,9.12 1 1
learngowithtests/arrays_slices/sum.go:12.42,15.39 2 1
learngowithtests/arrays_slices/sum.go:15.39,17.3 1 1
learngowithtests/arrays_slices/sum.go:19.2,19.13 1 1
learngowithtests/arrays_slices/sum.go:22.47,25.39 2 1
learngowithtests/arrays_slices/sum.go:25.39,26.24 1 1
learngowithtests/arrays_slices/sum.go:26.24,28.12 2 1
learngowithtests/arrays_slices/sum.go:30.3,30.40 1 1
learngowithtests/arrays_slices/sum.go:33.2,33.13 1 1
learngowithtests/dependency_injection/printing.go:10.43,12.2 1 1
learngowithtests/dependency_injection/printing.go:14.63,16.2 1 0
learngowithtests/dependency_injection/printing.go:18.13,20.2 1 0
learngowithtests/helloworld/hello.go:14.57,15.18 1 1
learngowithtests/helloworld/hello.go:16.15,17.33 1 1
learngowithtests/helloworld/hello.go:18.14,19.32 1 1
learngowithtests/helloworld/hello.go:20.10,21.33 1 1
learngowithtests/helloworld/hello.go:23.2,23.8 1 1
learngowithtests/helloworld/hello.go:26.45,27.20 1 1
learngowithtests/helloworld/hello.go:27.20,29.3 1 1
learngowithtests/helloworld/hello.go:30.2,30.43 1 1
learngowithtests/helloworld/hello.go:33.13,35.2 1 0
learngowithtests/iteration/iteration.go:5.50,7.30 2 1
learngowithtests/iteration/iteration.go:7.30,9.3 1 1
learngowithtests/iteration/iteration.go:10.2,10.26 1 1
learngowithtests/integers/adder.go:3.24,5.2 1 1
learngowithtests/wallet/wallet.go:18.34,20.2 1 0
learngowithtests/wallet/wallet.go:22.42,24.2 1 1
learngowithtests/wallet/wallet.go:26.36,28.2 1 1
learngowithtests/wallet/wallet.go:30.49,31.24 1 1
learngowithtests/wallet/wallet.go:31.24,33.3 1 1
learngowithtests/wallet/wallet.go:34.2,35.12 2 1
learngowithtests/maps/dictionary.go:12.39,14.2 1 0
learngowithtests/maps/dictionary.go:16.57,18.9 2 1
learngowithtests/maps/dictionary.go:18.9,20.3 1 1
learngowithtests/maps/dictionary.go:21.2,21.17 1 1
learngowithtests/maps/dictionary.go:24.56,26.13 2 1
learngowithtests/maps/dictionary.go:27.19,29.13 2 1
learngowithtests/maps/dictionary.go:30.11,31.23 1 1
learngowithtests/maps/dictionary.go:32.10,33.13 1 0
learngowithtests/maps/dictionary.go:37.59,39.13 2 1
learngowithtests/maps/dictionary.go:40.19,41.26 1 1
learngowithtests/maps/dictionary.go:42.11,44.13 2 1
learngowithtests/maps/dictionary.go:45.10,46.13 1 0
learngowithtests/maps/dictionary.go:50.47,52.13 2 1
learngowithtests/maps/dictionary.go:53.19,54.26 1 1
learngowithtests/maps/dictionary.go:55.11,57.13 2 1
learngowithtests/maps/dictionary.go:58.10,59.13 1 0
learngowithtests/structs/shape.go:13.35,15.2 1 1
learngowithtests/structs/shape.go:21.32,23.2 1 1
learngowithtests/structs/shape.go:29.34,31.2 1 1
learngowithtests/structs/shape.go:33.45,35.2 1 1
learngowithtests/mocking/countdown.go:14.34,15.33 1 1
learngowithtests/mocking/countdown.go:15.33,18.3 2 1
learngowithtests/mocking/countdown.go:19.2,19.31 1 1
